<?xml version="1.0" encoding="UTF-8"?>
<testng-results skipped="0" failed="0" total="1" passed="1">
  <reporter-output>
  </reporter-output>
  <suite name="Suite" duration-ms="5657" started-at="2018-06-22T10:08:50Z" finished-at="2018-06-22T10:08:56Z">
    <groups>
    </groups>
    <test name="Test" duration-ms="5657" started-at="2018-06-22T10:08:50Z" finished-at="2018-06-22T10:08:56Z">
      <class name="com.java.jenkins.JenkinsExample">
        <test-method status="PASS" signature="testngExample()[pri:0, instance:com.java.jenkins.JenkinsExample@6aceb1a5]" name="testngExample" duration-ms="5643" started-at="2018-06-22T15:38:50Z" finished-at="2018-06-22T15:38:56Z">
          <reporter-output>
          </reporter-output>
        </test-method> <!-- testngExample -->
      </class> <!-- com.java.jenkins.JenkinsExample -->
    </test> <!-- Test -->
  </suite> <!-- Suite -->
</testng-results>
